0 info it worked if it ends with ok
1 verbose cli [ '/home/ubuntu/.nvm/v0.10.35/bin/node',
1 verbose cli   '/home/ubuntu/.nvm/v0.10.35/bin/npm',
1 verbose cli   'install',
1 verbose cli   'Q',
1 verbose cli   '--save' ]
2 info using npm@1.4.28
3 info using node@v0.10.35
4 warn package.json LeTravel@ No repository field.
5 warn package.json LeTravel@ No README data
6 warn package.json express-namespace@0.1.1 No repository field.
7 warn package.json express-resource@1.0.0 No repository field.
8 verbose readDependencies using package.json deps
9 verbose cache add [ 'Q', null ]
10 verbose cache add name=undefined spec="Q" args=["Q",null]
11 verbose parsed url { protocol: null,
11 verbose parsed url   slashes: null,
11 verbose parsed url   auth: null,
11 verbose parsed url   host: null,
11 verbose parsed url   port: null,
11 verbose parsed url   hostname: null,
11 verbose parsed url   hash: null,
11 verbose parsed url   search: null,
11 verbose parsed url   query: null,
11 verbose parsed url   pathname: 'Q',
11 verbose parsed url   path: 'Q',
11 verbose parsed url   href: 'Q' }
12 silly lockFile c3156e00-Q Q
13 verbose lock Q /home/ubuntu/.npm/c3156e00-Q.lock
14 silly lockFile c3156e00-Q Q
15 silly lockFile c3156e00-Q Q
16 verbose addNamed [ 'Q', '' ]
17 verbose addNamed [ null, '*' ]
18 silly lockFile 561e3931-Q Q@
19 verbose lock Q@ /home/ubuntu/.npm/561e3931-Q.lock
20 silly addNameRange { name: 'Q', range: '*', hasData: false }
21 verbose request where is /Q
22 verbose request registry https://registry.npmjs.org/
23 verbose request id b3207220952ceabe
24 verbose url raw /Q
25 verbose url resolving [ 'https://registry.npmjs.org/', './Q' ]
26 verbose url resolved https://registry.npmjs.org/Q
27 verbose request where is https://registry.npmjs.org/Q
28 info trying registry request attempt 1 at 12:09:16
29 http GET https://registry.npmjs.org/Q
30 http 404 https://registry.npmjs.org/Q
31 verbose headers { date: 'Thu, 05 Feb 2015 12:09:16 GMT',
31 verbose headers   server: 'CouchDB/1.5.0 (Erlang OTP/R16B03)',
31 verbose headers   'content-type': 'application/json',
31 verbose headers   'cache-control': 'max-age=0',
31 verbose headers   'content-length': '52',
31 verbose headers   'accept-ranges': 'bytes',
31 verbose headers   via: '1.1 varnish',
31 verbose headers   age: '0',
31 verbose headers   'x-served-by': 'cache-fra1230-FRA',
31 verbose headers   'x-cache': 'MISS',
31 verbose headers   'x-cache-hits': '0',
31 verbose headers   'x-timer': 'S1423138156.358782,VS0,VE172',
31 verbose headers   'keep-alive': 'timeout=10, max=50',
31 verbose headers   connection: 'Keep-Alive' }
32 silly registry.get cb [ 404,
32 silly registry.get   { date: 'Thu, 05 Feb 2015 12:09:16 GMT',
32 silly registry.get     server: 'CouchDB/1.5.0 (Erlang OTP/R16B03)',
32 silly registry.get     'content-type': 'application/json',
32 silly registry.get     'cache-control': 'max-age=0',
32 silly registry.get     'content-length': '52',
32 silly registry.get     'accept-ranges': 'bytes',
32 silly registry.get     via: '1.1 varnish',
32 silly registry.get     age: '0',
32 silly registry.get     'x-served-by': 'cache-fra1230-FRA',
32 silly registry.get     'x-cache': 'MISS',
32 silly registry.get     'x-cache-hits': '0',
32 silly registry.get     'x-timer': 'S1423138156.358782,VS0,VE172',
32 silly registry.get     'keep-alive': 'timeout=10, max=50',
32 silly registry.get     connection: 'Keep-Alive' } ]
33 silly lockFile 561e3931-Q Q@
34 silly lockFile 561e3931-Q Q@
35 error 404 404 Not Found: Q
35 error 404
35 error 404 'Q' is not in the npm registry.
35 error 404 You should bug the author to publish it
35 error 404 It was specified as a dependency of 'LeTravel'
35 error 404
35 error 404 Note that you can also install from a
35 error 404 tarball, folder, or http url, or git url.
36 error System Linux 3.14.13-c9
37 error command "/home/ubuntu/.nvm/v0.10.35/bin/node" "/home/ubuntu/.nvm/v0.10.35/bin/npm" "install" "Q" "--save"
38 error cwd /home/ubuntu/workspace
39 error node -v v0.10.35
40 error npm -v 1.4.28
41 error code E404
42 verbose exit [ 1, true ]
